<?xml version="1.0" encoding="UTF-8"?>
<testsuite xmlns:xsi="http://www.w3.org/2001/XMLSchema-instance" xsi:noNamespaceSchemaLocation="https://maven.apache.org/surefire/maven-surefire-plugin/xsd/surefire-test-report-3.0.xsd" version="3.0" name="com.ice.userservice.controller.UserControllerTest" time="1.093" tests="4" errors="0" skipped="0" failures="0">
  <properties>
[...]
</properties>
  <testcase name="testGetAllUsers" classname="com.ice.userservice.controller.UserControllerTest" time="1.046">
    <system-out><![CDATA[13:44:58,229 |-INFO in ch.qos.logback.classic.LoggerContext[default] - This is logback-classic version 1.4.14
13:44:58,231 |-INFO in ch.qos.logback.classic.util.ContextInitializer@41aaedaa - Here is a list of configurators discovered as a service, by rank: 
13:44:58,231 |-INFO in ch.qos.logback.classic.util.ContextInitializer@41aaedaa -   org.springframework.boot.logging.logback.RootLogLevelConfigurator
13:44:58,231 |-INFO in ch.qos.logback.classic.util.ContextInitializer@41aaedaa - They will be invoked in order until ExecutionStatus.DO_NOT_INVOKE_NEXT_IF_ANY is returned.
13:44:58,231 |-INFO in ch.qos.logback.classic.util.ContextInitializer@41aaedaa - Constructed configurator of type class org.springframework.boot.logging.logback.RootLogLevelConfigurator
13:44:58,236 |-INFO in ch.qos.logback.classic.util.ContextInitializer@41aaedaa - org.springframework.boot.logging.logback.RootLogLevelConfigurator.configure() call lasted 0 milliseconds. ExecutionStatus=INVOKE_NEXT_IF_ANY
13:44:58,236 |-INFO in ch.qos.logback.classic.util.ContextInitializer@41aaedaa - Trying to configure with ch.qos.logback.classic.joran.SerializedModelConfigurator
13:44:58,237 |-INFO in ch.qos.logback.classic.util.ContextInitializer@41aaedaa - Constructed configurator of type class ch.qos.logback.classic.joran.SerializedModelConfigurator
13:44:58,238 |-INFO in ch.qos.logback.classic.LoggerContext[default] - Could NOT find resource [logback-test.scmo]
13:44:58,238 |-INFO in ch.qos.logback.classic.LoggerContext[default] - Could NOT find resource [logback.scmo]
13:44:58,238 |-INFO in ch.qos.logback.classic.util.ContextInitializer@41aaedaa - ch.qos.logback.classic.joran.SerializedModelConfigurator.configure() call lasted 1 milliseconds. ExecutionStatus=INVOKE_NEXT_IF_ANY
13:44:58,238 |-INFO in ch.qos.logback.classic.util.ContextInitializer@41aaedaa - Trying to configure with ch.qos.logback.classic.util.DefaultJoranConfigurator
13:44:58,239 |-INFO in ch.qos.logback.classic.util.ContextInitializer@41aaedaa - Constructed configurator of type class ch.qos.logback.classic.util.DefaultJoranConfigurator
13:44:58,239 |-INFO in ch.qos.logback.classic.LoggerContext[default] - Could NOT find resource [logback-test.xml]
13:44:58,241 |-INFO in ch.qos.logback.classic.LoggerContext[default] - Found resource [logback.xml] at [file:/C:/Gajanan/ICEAssignment/ice_user_service_new/target/classes/logback.xml]
13:44:58,322 |-INFO in ch.qos.logback.core.model.processor.AppenderModelHandler - Processing appender named [Console]
13:44:58,322 |-INFO in ch.qos.logback.core.model.processor.AppenderModelHandler - About to instantiate appender of type [ch.qos.logback.core.ConsoleAppender]
13:44:58,341 |-WARN in ch.qos.logback.core.ConsoleAppender[Console] - This appender no longer admits a layout as a sub-component, set an encoder instead.
13:44:58,341 |-WARN in ch.qos.logback.core.ConsoleAppender[Console] - To ensure compatibility, wrapping your layout in LayoutWrappingEncoder.
13:44:58,341 |-WARN in ch.qos.logback.core.ConsoleAppender[Console] - See also http://logback.qos.ch/codes.html#layoutInsteadOfEncoder for details
13:44:58,341 |-INFO in ch.qos.logback.core.model.processor.AppenderModelHandler - Processing appender named [RollingFile]
13:44:58,341 |-INFO in ch.qos.logback.core.model.processor.AppenderModelHandler - About to instantiate appender of type [ch.qos.logback.core.rolling.RollingFileAppender]
13:44:58,349 |-INFO in c.q.l.core.rolling.TimeBasedRollingPolicy@809128217 - No compression will be used
13:44:58,350 |-INFO in c.q.l.core.rolling.TimeBasedRollingPolicy@809128217 - Will use the pattern ./logs/archived/user-service-%d{yyyy-MM-dd}.%i.log for the active file
13:44:58,352 |-INFO in ch.qos.logback.core.rolling.SizeAndTimeBasedFNATP@75b3673 - The date pattern is 'yyyy-MM-dd' from file name pattern './logs/archived/user-service-%d{yyyy-MM-dd}.%i.log'.
13:44:58,352 |-INFO in ch.qos.logback.core.rolling.SizeAndTimeBasedFNATP@75b3673 - Roll-over at midnight.
13:44:58,353 |-INFO in ch.qos.logback.core.rolling.SizeAndTimeBasedFNATP@75b3673 - Setting initial period to 2024-03-21T12:44:21.024Z
13:44:58,353 |-WARN in ch.qos.logback.core.rolling.SizeAndTimeBasedFNATP@75b3673 - SizeAndTimeBasedFNATP is deprecated. Use SizeAndTimeBasedRollingPolicy instead
13:44:58,353 |-WARN in ch.qos.logback.core.rolling.SizeAndTimeBasedFNATP@75b3673 - For more information see http://logback.qos.ch/manual/appenders.html#SizeAndTimeBasedRollingPolicy
13:44:58,356 |-INFO in ch.qos.logback.core.rolling.RollingFileAppender[RollingFile] - Active log file name: ./logs/user-service.log
13:44:58,356 |-INFO in ch.qos.logback.core.rolling.RollingFileAppender[RollingFile] - File property is set to [./logs/user-service.log]
13:44:58,357 |-INFO in ch.qos.logback.classic.model.processor.RootLoggerModelHandler - Setting level of ROOT logger to INFO
13:44:58,357 |-INFO in ch.qos.logback.core.model.processor.AppenderRefModelHandler - Attaching appender named [RollingFile] to Logger[ROOT]
13:44:58,358 |-INFO in ch.qos.logback.core.model.processor.AppenderRefModelHandler - Attaching appender named [Console] to Logger[ROOT]
13:44:58,359 |-INFO in ch.qos.logback.classic.model.processor.LoggerModelHandler - Setting level of logger [com.ice] to TRACE
13:44:58,360 |-INFO in ch.qos.logback.classic.model.processor.LoggerModelHandler - Setting additivity of logger [com.ice] to false
13:44:58,360 |-INFO in ch.qos.logback.core.model.processor.AppenderRefModelHandler - Attaching appender named [RollingFile] to Logger[com.ice]
13:44:58,361 |-INFO in ch.qos.logback.core.model.processor.AppenderRefModelHandler - Attaching appender named [Console] to Logger[com.ice]
13:44:58,361 |-INFO in ch.qos.logback.classic.model.processor.LoggerModelHandler - Setting level of logger [logging.level.org.springframework.security] to TRACE
13:44:58,361 |-INFO in ch.qos.logback.classic.model.processor.LoggerModelHandler - Setting additivity of logger [logging.level.org.springframework.security] to false
13:44:58,361 |-INFO in ch.qos.logback.core.model.processor.AppenderRefModelHandler - Attaching appender named [RollingFile] to Logger[logging.level.org.springframework.security]
13:44:58,361 |-INFO in ch.qos.logback.core.model.processor.AppenderRefModelHandler - Attaching appender named [Console] to Logger[logging.level.org.springframework.security]
13:44:58,361 |-INFO in ch.qos.logback.core.model.processor.DefaultProcessor@1bcb79c2 - End of configuration.
13:44:58,362 |-INFO in ch.qos.logback.classic.joran.JoranConfigurator@d1a10ac - Registering current configuration as safe fallback point
13:44:58,362 |-INFO in ch.qos.logback.classic.util.ContextInitializer@41aaedaa - ch.qos.logback.classic.util.DefaultJoranConfigurator.configure() call lasted 123 milliseconds. ExecutionStatus=DO_NOT_INVOKE_NEXT_IF_ANY

&amp#27;[30m2024-03-21 13:44:58,472&amp#27;[0;39m &amp#27;[39mDEBUG&amp#27;[0;39m [&amp#27;[34mmain&amp#27;[0;39m] com.ice.userservice.controller.UserController: Got the request for /users getAllUsers
]]></system-out>
  </testcase>
  <testcase name="testUpdateUser" classname="com.ice.userservice.controller.UserControllerTest" time="0.007">
    <system-out><![CDATA[&amp#27;[30m2024-03-21 13:44:58,522&amp#27;[0;39m &amp#27;[39mDEBUG&amp#27;[0;39m [&amp#27;[34mmain&amp#27;[0;39m] com.ice.userservice.controller.UserController: Got the request for /users updateUser
]]></system-out>
  </testcase>
  <testcase name="testCreateUser" classname="com.ice.userservice.controller.UserControllerTest" time="0.002">
    <system-out><![CDATA[&amp#27;[30m2024-03-21 13:44:58,527&amp#27;[0;39m &amp#27;[39mDEBUG&amp#27;[0;39m [&amp#27;[34mmain&amp#27;[0;39m] com.ice.userservice.controller.UserController: Got the request for /users createUser
]]></system-out>
  </testcase>
  <testcase name="testDeleteUser" classname="com.ice.userservice.controller.UserControllerTest" time="0.008">
    <system-out><![CDATA[&amp#27;[30m2024-03-21 13:44:58,531&amp#27;[0;39m &amp#27;[34mINFO &amp#27;[0;39m [&amp#27;[34mmain&amp#27;[0;39m] com.ice.userservice.controller.UserController: Got the request for /users deleteUser userId - d5ad24f8-a5d6-4ef6-b9f5-0b132deb13a6
]]></system-out>
  </testcase>
</testsuite>